-------------------------------------------------------------------------------
Test set: com.example.demo.Ud271ApplicationTests
-------------------------------------------------------------------------------
Tests run: 1, Failures: 0, Errors: 1, Skipped: 0, Time elapsed: 2.688 s <<< FAILURE! - in com.example.demo.Ud271ApplicationTests
contextLoads  Time elapsed: 0.018 s  <<< ERROR!
java.lang.IllegalStateException: Failed to load ApplicationContext
Caused by: org.springframework.beans.factory.BeanCreationException: 
Error creating bean with name 'dataSourceScriptDatabaseInitializer' defined in class path resource [org/springframework/boot/autoconfigure/sql/init/DataSourceInitializationConfiguration.class]: Invocation of init method failed; nested exception is org.springframework.jdbc.datasource.init.ScriptStatementFailedException: Failed to execute SQL script statement #1 of URL [file:/C:/Users/fcs/Documents/workspace-spring-tool-suite-4-4.16.1.RELEASE/UD27-1/target/classes/data.sql]: INSERT INTO Usuario (username, password, role) VALUES ('admin', '$2a$10$XURPShQNCsLjp1ESc2laoObo9QZDhxz73hJPaEv7/cBha4pk0AgP.','admin'); nested exception is org.h2.jdbc.JdbcSQLSyntaxErrorException: Table "USUARIO" not found; SQL statement:
INSERT INTO Usuario (username, password, role) VALUES ('admin', '$2a$10$XURPShQNCsLjp1ESc2laoObo9QZDhxz73hJPaEv7/cBha4pk0AgP.','admin') [42102-200]
Caused by: org.springframework.jdbc.datasource.init.ScriptStatementFailedException: 
Failed to execute SQL script statement #1 of URL [file:/C:/Users/fcs/Documents/workspace-spring-tool-suite-4-4.16.1.RELEASE/UD27-1/target/classes/data.sql]: INSERT INTO Usuario (username, password, role) VALUES ('admin', '$2a$10$XURPShQNCsLjp1ESc2laoObo9QZDhxz73hJPaEv7/cBha4pk0AgP.','admin'); nested exception is org.h2.jdbc.JdbcSQLSyntaxErrorException: Table "USUARIO" not found; SQL statement:
INSERT INTO Usuario (username, password, role) VALUES ('admin', '$2a$10$XURPShQNCsLjp1ESc2laoObo9QZDhxz73hJPaEv7/cBha4pk0AgP.','admin') [42102-200]
Caused by: org.h2.jdbc.JdbcSQLSyntaxErrorException: 
Table "USUARIO" not found; SQL statement:
INSERT INTO Usuario (username, password, role) VALUES ('admin', '$2a$10$XURPShQNCsLjp1ESc2laoObo9QZDhxz73hJPaEv7/cBha4pk0AgP.','admin') [42102-200]

